only crunching chromosome chr2
Traceback (most recent call last):
  File "/gpfs/gibbs/pi/reilly/VariantEffects/scripts/noon_scripts/2.filter/2.filter.py", line 106, in <module>
    non_exonic.write.csv(f"/home/mcn26/varef/scripts/noon_data/2.filter/filtered_output_{chromosome}.csv", header=True, mode="overwrite")
  File "/home/mcn26/.conda/envs/mcn_vareff/lib/python3.10/site-packages/pyspark/python/lib/pyspark.zip/pyspark/sql/readwriter.py", line 1864, in csv
  File "/home/mcn26/.conda/envs/mcn_vareff/lib/python3.10/site-packages/pyspark/python/lib/py4j-0.10.9.7-src.zip/py4j/java_gateway.py", line 1322, in __call__
  File "/home/mcn26/.conda/envs/mcn_vareff/lib/python3.10/site-packages/pyspark/python/lib/pyspark.zip/pyspark/errors/exceptions/captured.py", line 179, in deco
  File "/home/mcn26/.conda/envs/mcn_vareff/lib/python3.10/site-packages/pyspark/python/lib/py4j-0.10.9.7-src.zip/py4j/protocol.py", line 326, in get_return_value
py4j.protocol.Py4JJavaError: An error occurred while calling o61.csv.
: org.apache.spark.SparkException: Job aborted due to stage failure: Task 838 in stage 7.0 failed 1 times, most recent failure: Lost task 838.0 in stage 7.0 (TID 2370) (r814u03n02.mccleary.ycrc.yale.edu executor driver): org.apache.spark.SparkException: [TASK_WRITE_FAILED] Task failed while writing rows to file:/home/mcn26/varef/scripts/noon_data/2.filter/filtered_output_chr2.csv.
	at org.apache.spark.sql.errors.QueryExecutionErrors$.taskFailedWhileWritingRowsError(QueryExecutionErrors.scala:774)
	at org.apache.spark.sql.execution.datasources.FileFormatWriter$.executeTask(FileFormatWriter.scala:420)
	at org.apache.spark.sql.execution.datasources.WriteFilesExec.$anonfun$doExecuteWrite$1(WriteFiles.scala:100)
	at org.apache.spark.rdd.RDD.$anonfun$mapPartitionsInternal$2(RDD.scala:890)
	at org.apache.spark.rdd.RDD.$anonfun$mapPartitionsInternal$2$adapted(RDD.scala:890)
	at org.apache.spark.rdd.MapPartitionsRDD.compute(MapPartitionsRDD.scala:52)
	at org.apache.spark.rdd.RDD.computeOrReadCheckpoint(RDD.scala:364)
	at org.apache.spark.rdd.RDD.iterator(RDD.scala:328)
	at org.apache.spark.scheduler.ResultTask.runTask(ResultTask.scala:93)
	at org.apache.spark.TaskContext.runTaskWithListeners(TaskContext.scala:161)
	at org.apache.spark.scheduler.Task.run(Task.scala:141)
	at org.apache.spark.executor.Executor$TaskRunner.$anonfun$run$4(Executor.scala:620)
	at org.apache.spark.util.SparkErrorUtils.tryWithSafeFinally(SparkErrorUtils.scala:64)
	at org.apache.spark.util.SparkErrorUtils.tryWithSafeFinally$(SparkErrorUtils.scala:61)
	at org.apache.spark.util.Utils$.tryWithSafeFinally(Utils.scala:94)
	at org.apache.spark.executor.Executor$TaskRunner.run(Executor.scala:623)
	at java.base/java.util.concurrent.ThreadPoolExecutor.runWorker(ThreadPoolExecutor.java:1144)
	at java.base/java.util.concurrent.ThreadPoolExecutor$Worker.run(ThreadPoolExecutor.java:642)
	at java.base/java.lang.Thread.run(Thread.java:1623)
Caused by: com.univocity.parsers.common.TextWritingException: Error writing row.
Internal state when error was thrown: recordCount=12020, recordData=[chr2, 151569057, rs531914447, C, T, ., PASS, K562__ref=-0.20754825;HepG2__ref=-0.11472494;SKNSH__ref=0.048201807;K562__alt=-0.16833036;HepG2__alt=-0.090507306;SKNSH__alt=0.057089914;K562__skew=0.0392179;HepG2__skew=0.024217643;SKNSH__skew=0.0088881;AN_oth=2090;AN_ami=910;AN_sas=4818;AN_fin=10598;AN_eas=5198;AN_amr=15268;AN_afr=41416;AN_mid=316;AN_asj=3472;AN_nfe=68010;cadd_raw_score=-0.376536;cadd_phred=0.215;splice_ai_max_ds=0;splice_ai_consequence=no_consequence;vep=T|intron_variant|MODIFIER|NEB|ENSG00000183091|Transcript|ENST00000172853|protein_coding||82/148|ENST00000172853.14:c.12432+211G>A|||||||1||-1|SNV||HGNC|HGNC:7720||1|||ENSP00000172853||||1||||||||||||,T|intron_variant|MODIFIER|NEB|ENSG00000183091|Transcript|ENST00000397345|protein_coding||110/181|ENST00000397345.7:c.17535+211G>A|||||||1||-1|SNV||HGNC|HGNC:7720||5|P5|CCDS54407.1|ENSP00000380505||||1||||||||||||,T|intron_variant|MODIFIER|NEB|ENSG00000183091|Transcript|ENST00000409198|protein_coding||83/149|ENST00000409198.5:c.12432+211G>A|||||||1||-1|SNV||HGNC|HGNC:7720||5||CCDS46424.1|ENSP00000386259||||1||||||||||||,T|intron_variant|MODIFIER|NEB|ENSG00000183091|Transcript|ENST00000413693|protein_coding||10/73|ENST00000413693.5:c.1725+211G>A|||||||1||-1|SNV||HGNC|HGNC:7720||5|||ENSP00000410961||||1||||||||||||,T|intron_variant|MODIFIER|NEB|ENSG00000183091|Transcript|ENST00000427231|protein_coding||110/181|ENST00000427231.6:c.17535+211G>A|||||||1||-1|SNV||HGNC|HGNC:7720||5|A2|CCDS54408.1|ENSP00000416578||||1||||||||||||,T|intron_variant|MODIFIER|NEB|ENSG00000183091|Transcript|ENST00000603639|protein_coding||108/179|ENST00000603639.5:c.17535+211G>A|||||||1||-1|SNV||HGNC|HGNC:7720||5|A2|CCDS54407.1|ENSP00000473894||||1||||||||||||,T|intron_variant|MODIFIER|NEB|ENSG00000183091|Transcript|ENST00000604864|protein_coding||108/179|ENST00000604864.5:c.17535+211G>A|||||||1||-1|SNV||HGNC|HGNC:7720||5|A2|CCDS54408.1|ENSP00000474498||||1||||||||||||,T|intron_variant|MODIFIER|NEB|ENSG00000183091|Transcript|ENST00000618972|protein_coding||110/182|ENST00000618972.4:c.17535+211G>A|||||||1||-1|SNV||HGNC|HGNC:7720|YES|5|A2|CCDS74588.1|ENSP00000484342||||1||||||||||||,T|intron_variant|MODIFIER|NEB|4703|Transcript|NM_001164507.1|protein_coding||110/181|NM_001164507.1:c.17535+211G>A|||||||1||-1|SNV||EntrezGene|HGNC:7720|||||NP_001157979.1||||||||||||||||,T|intron_variant|MODIFIER|NEB|4703|Transcript|NM_001164508.1|protein_coding||110/181|NM_001164508.1:c.17535+211G>A|||||||1||-1|SNV||EntrezGene|HGNC:7720|||||NP_001157980.1||||||||||||||||,T|intron_variant|MODIFIER|NEB|4703|Transcript|NM_001271208.2|protein_coding||110/182|NM_001271208.2:c.17535+211G>A|||||||1||-1|SNV||EntrezGene|HGNC:7720|||||NP_001258137.2||||||||||||||||,T|intron_variant|MODIFIER|NEB|4703|Transcript|NM_004543.5|protein_coding||83/149|NM_004543.5:c.12432+211G>A|||||||1||-1|SNV||EntrezGene|HGNC:7720|||||NP_004534.3||||||||||||||||,T|intron_variant|MODIFIER|NEB|4703|Transcript|XM_005246590.2|protein_coding||110/180|XM_005246590.2:c.17535+211G>A|||||||1||-1|SNV||EntrezGene|HGNC:7720|||||XP_005246647.1||||||||||||||||,T|intron_variant|MODIFIER|NEB|4703|Transcript|XM_005246591.2|protein_coding||110/180|XM_005246591.2:c.17535+211G>A|||||||1||-1|SNV||EntrezGene|HGNC:7720|||||XP_005246648.1||||||||||||||||,T|intron_variant|MODIFIER|NEB|4703|Transcript|XM_005246592.2|protein_coding||110/180|XM_005246592.2:c.17535+211G>A|||||||1||-1|SNV||EntrezGene|HGNC:7720|||||XP_005246649.1||||||||||||||||,T|intron_variant|MODIFIER|NEB|4703|Transcript|XM_005246593.2|protein_coding||110/180|XM_005246593.2:c.17535+211G>A|||||||1||-1|SNV||EntrezGene|HGNC:7720|||||XP_005246650.1||||||||||||||||,T|intron_variant|MODIFIER|NEB|4703|Transcript|XM_005246594.2|protein_coding||110/180|XM_005246594.2:c.17535+211G>A|||||||1||-1|SNV||EntrezGene|HGNC:7720|||||XP_005246651.1||||||||||||||||,T|intron_variant|MODIFIER|NEB|4703|Transcript|XM_005246596.2|protein_coding||110/179|XM_005246596.2:c.17535+211G>A|||||||1||-1|SNV||EntrezGene|HGNC:7720|||||XP_005246653.1||||||||||||||||,T|intron_variant|MODIFIER|NEB|4703|Transcript|XM_005246597.2|protein_coding||110/179|XM_005246597.2:c.17535+211G>A|||||||1||-1|SNV||EntrezGene|HGNC:7720|||||XP_005246654.1||||||||||||||||,T|intron_variant|MODIFIER|NEB|4703|Transcript|XM_005246598.2|protein_coding||110/179|XM_005246598.2:c.17535+211G>A|||||||1||-1|SNV||EntrezGene|HGNC:7720|||||XP_005246655.1||||||||||||||||,T|intron_variant|MODIFIER|NEB|4703|Transcript|XM_005246599.2|protein_coding||110/178|XM_005246599.2:c.17535+211G>A|||||||1||-1|SNV||EntrezGene|HGNC:7720|||||XP_005246656.1||||||||||||||||,T|intron_variant|MODIFIER|NEB|4703|Transcript|XM_005246601.2|protein_coding||110/177|XM_005246601.2:c.17535+211G>A|||||||1||-1|SNV||EntrezGene|HGNC:7720|||||XP_005246658.1||||||||||||||||,T|intron_variant|MODIFIER|NEB|4703|Transcript|XM_005246602.2|protein_coding||110/177|XM_005246602.2:c.17535+211G>A|||||||1||-1|SNV||EntrezGene|HGNC:7720|||||XP_005246659.1||||||||||||||||,T|intron_variant|MODIFIER|NEB|4703|Transcript|XM_005246603.2|protein_coding||110/176|XM_005246603.2:c.17535+211G>A|||||||1||-1|SNV||EntrezGene|HGNC:7720|||||XP_005246660.1||||||||||||||||,T|intron_variant|MODIFIER|NEB|4703|Transcript|XM_005246604.2|protein_coding||110/176|XM_005246604.2:c.17535+211G>A|||||||1||-1|SNV||EntrezGene|HGNC:7720|||||XP_005246661.1||||||||||||||||,T|intron_variant|MODIFIER|NEB|4703|Transcript|XM_005246606.2|protein_coding||110/176|XM_005246606.2:c.17535+211G>A|||||||1||-1|SNV||EntrezGene|HGNC:7720|||||XP_005246663.1||||||||||||||||,T|intron_variant|MODIFIER|NEB|4703|Transcript|XM_005246608.2|protein_coding||110/175|XM_005246608.2:c.17535+211G>A|||||||1||-1|SNV||EntrezGene|HGNC:7720|||||XP_005246665.1||||||||||||||||,T|intron_variant|MODIFIER|NEB|4703|Transcript|XM_005246610.2|protein_coding||110/174|XM_005246610.2:c.17535+211G>A|||||||1||-1|SNV||EntrezGene|HGNC:7720|||||XP_005246667.1||||||||||||||||,T|intron_variant|MODIFIER|NEB|4703|Transcript|XM_005246611.2|protein_coding||110/174|XM_005246611.2:c.17535+211G>A|||||||1||-1|SNV||EntrezGene|HGNC:7720|||||XP_005246668.1||||||||||||||||,T|intron_variant|MODIFIER|NEB|4703|Transcript|XM_005246612.2|protein_coding||106/177|XM_005246612.2:c.16806+211G>A|||||||1||-1|SNV||EntrezGene|HGNC:7720|||||XP_005246669.1||||||||||||||||,T|intron_variant|MODIFIER|NEB|4703|Transcript|XM_005246613.2|protein_coding||107/178|XM_005246613.2:c.16806+211G>A|||||||1||-1|SNV||EntrezGene|HGNC:7720|||||XP_005246670.1||||||||||||||||,T|intron_variant|MODIFIER|NEB|4703|Transcript|XM_005246615.2|protein_coding||110/173|XM_005246615.2:c.17535+211G>A|||||||1||-1|SNV||EntrezGene|HGNC:7720|||||XP_005246672.1||||||||||||||||,T|intron_variant|MODIFIER|NEB|4703|Transcript|XM_005246616.1|protein_coding||110/167|XM_005246616.1:c.17535+211G>A|||||||1||-1|SNV||EntrezGene|HGNC:7720|||||XP_005246673.1||||||||||||||||,T|intron_variant|MODIFIER|NEB|4703|Transcript|XM_005246617.2|protein_coding||94/165|XM_005246617.2:c.14619+211G>A|||||||1||-1|SNV||EntrezGene|HGNC:7720|||||XP_005246674.1||||||||||||||||,T|intron_variant|MODIFIER|NEB|4703|Transcript|XM_006712541.2|protein_coding||110/176|XM_006712541.2:c.17535+211G>A|||||||1||-1|SNV||EntrezGene|HGNC:7720|||||XP_006712604.1||||||||||||||||,T|intron_variant|MODIFIER|NEB|4703|Transcript|XM_006712542.2|protein_coding||110/176|XM_006712542.2:c.17535+211G>A|||||||1||-1|SNV||EntrezGene|HGNC:7720|||||XP_006712605.1||||||||||||||||,T|intron_variant|MODIFIER|NEB|4703|Transcript|XM_011511225.2|protein_coding||110/173|XM_011511225.2:c.17535+211G>A|||||||1||-1|SNV||EntrezGene|HGNC:7720|||||XP_011509527.1||||||||||||||||,T|intron_variant|MODIFIER|NEB|4703|Transcript|XM_011511226.2|protein_coding||99/170|XM_011511226.2:c.15348+211G>A|||||||1||-1|SNV||EntrezGene|HGNC:7720|||||XP_011509528.1||||||||||||||||,T|intron_variant|MODIFIER|NEB|4703|Transcript|XM_011511227.2|protein_coding||86/157|XM_011511227.2:c.13161+211G>A|||||||1||-1|SNV||EntrezGene|HGNC:7720|YES||||XP_011509529.1||||||||||||||||,T|intron_variant|MODIFIER|NEB|4703|Transcript|XM_017004177.1|protein_coding||110/180|XM_017004177.1:c.17535+211G>A|||||||1||-1|SNV||EntrezGene|HGNC:7720|||||XP_016859666.1||||||||||||||||,T|intron_variant|MODIFIER|NEB|4703|Transcript|XM_017004178.1|protein_coding||110/179|XM_017004178.1:c.17535+211G>A|||||||1||-1|SNV||EntrezGene|HGNC:7720|||||XP_016859667.1||||||||||||||||,T|intron_variant|MODIFIER|NEB|4703|Transcript|XM_017004179.1|protein_coding||110/176|XM_017004179.1:c.17535+211G>A|||||||1||-1|SNV||EntrezGene|HGNC:7720|||||XP_016859668.1||||||||||||||||,T|intron_variant|MODIFIER|NEB|4703|Transcript|XM_017004180.1|protein_coding||110/176|XM_017004180.1:c.17535+211G>A|||||||1||-1|SNV||EntrezGene|HGNC:7720|||||XP_016859669.1||||||||||||||||,T|intron_variant|MODIFIER|NEB|4703|Transcript|XM_017004181.1|protein_coding||110/175|XM_017004181.1:c.17535+211G>A|||||||1||-1|SNV||EntrezGene|HGNC:7720|||||XP_016859670.1||||||||||||||||,T|intron_variant|MODIFIER|NEB|4703|Transcript|XM_017004182.1|protein_coding||110/174|XM_017004182.1:c.17535+211G>A|||||||1||-1|SNV||EntrezGene|HGNC:7720|||||XP_016859671.1||||||||||||||||,T|intron_variant|MODIFIER|NEB|4703|Transcript|XM_017004183.1|protein_coding||110/173|XM_017004183.1:c.17535+211G>A|||||||1||-1|SNV||EntrezGene|HGNC:7720|||||XP_016859672.1||||||||||||||||,T|intron_variant|MODIFIER|NEB|4703|Transcript|XM_017004184.1|protein_coding||110/173|XM_017004184.1:c.17535+211G>A|||||||1||-1|SNV||EntrezGene|HGNC:7720|||||XP_016859673.1||||||||||||||||,T|intron_variant|MODIFIER|NEB|4703|Transcript|XM_017004185.1|protein_coding||110/170|XM_017004185.1:c.17535+211G>A|||||||1||-1|SNV||EntrezGene|HGNC:7720|||||XP_016859674.1||||||||||||||||;AC=5;AN=152096;AF=3.2874e-05;AC_oth=0;AF_oth=0;AC_ami=0;AF_ami=0;AC_sas=0;AF_sas=0;AC_fin=0;AF_fin=0;AC_eas=0;AF_eas=0;AC_amr=0;AF_amr=0;AC_afr=0;AF_afr=0;AC_mid=0;AF_mid=0;AC_asj=0;AF_asj=0;AC_nfe=5;AF_nfe=7.35186e-05;AC_popmax=5;AN_popmax=68010;AF_popmax=7.35186e-05, -0.20754825, -0.11472494, 0.048201807, -0.16833036, -0.090507306, 0.057089914, 0.0392179, 0.024217643, 0.0088881, 5, 152096, 3.2874E-5, 0.215, true, false, false, false, false, false, false, false, 1.138, -0.09135713179906209, 0.024107880890369415, 3.2874E-5, ULTRARARE]
	at com.univocity.parsers.common.AbstractWriter.throwExceptionAndClose(AbstractWriter.java:1055)
	at com.univocity.parsers.common.AbstractWriter.writeRow(AbstractWriter.java:834)
	at org.apache.spark.sql.catalyst.csv.UnivocityGenerator.write(UnivocityGenerator.scala:117)
	at org.apache.spark.sql.execution.datasources.csv.CsvOutputWriter.write(CsvOutputWriter.scala:46)
	at org.apache.spark.sql.execution.datasources.SingleDirectoryDataWriter.write(FileFormatDataWriter.scala:175)
	at org.apache.spark.sql.execution.datasources.FileFormatDataWriter.writeWithMetrics(FileFormatDataWriter.scala:85)
	at org.apache.spark.sql.execution.datasources.FileFormatDataWriter.writeWithIterator(FileFormatDataWriter.scala:92)
	at org.apache.spark.sql.execution.datasources.FileFormatWriter$.$anonfun$executeTask$1(FileFormatWriter.scala:403)
	at org.apache.spark.util.Utils$.tryWithSafeFinallyAndFailureCallbacks(Utils.scala:1397)
	at org.apache.spark.sql.execution.datasources.FileFormatWriter$.executeTask(FileFormatWriter.scala:410)
	... 17 more
Caused by: java.lang.IllegalStateException: Error closing the output.
	at com.univocity.parsers.common.AbstractWriter.close(AbstractWriter.java:1000)
	at com.univocity.parsers.common.AbstractWriter.throwExceptionAndClose(AbstractWriter.java:1042)
	at com.univocity.parsers.common.AbstractWriter.internalWriteRow(AbstractWriter.java:949)
	at com.univocity.parsers.common.AbstractWriter.writeRow(AbstractWriter.java:832)
	... 25 more
Caused by: org.apache.hadoop.fs.FSError: java.io.IOException: Disk quota exceeded
	at org.apache.hadoop.fs.RawLocalFileSystem$LocalFSFileOutputStream.write(RawLocalFileSystem.java:349)
	at java.base/java.io.BufferedOutputStream.flushBuffer(BufferedOutputStream.java:125)
	at java.base/java.io.BufferedOutputStream.implWrite(BufferedOutputStream.java:222)
	at java.base/java.io.BufferedOutputStream.write(BufferedOutputStream.java:206)
	at org.apache.hadoop.fs.FSDataOutputStream$PositionCache.write(FSDataOutputStream.java:62)
	at java.base/java.io.DataOutputStream.write(DataOutputStream.java:113)
	at org.apache.hadoop.fs.ChecksumFileSystem$ChecksumFSOutputSummer.writeChunk(ChecksumFileSystem.java:459)
	at org.apache.hadoop.fs.FSOutputSummer.writeChecksumChunks(FSOutputSummer.java:218)
	at org.apache.hadoop.fs.FSOutputSummer.flushBuffer(FSOutputSummer.java:165)
	at org.apache.hadoop.fs.FSOutputSummer.flushBuffer(FSOutputSummer.java:146)
	at org.apache.hadoop.fs.ChecksumFileSystem$ChecksumFSOutputSummer.close(ChecksumFileSystem.java:447)
	at org.apache.hadoop.fs.FSDataOutputStream$PositionCache.close(FSDataOutputStream.java:77)
	at org.apache.hadoop.fs.FSDataOutputStream.close(FSDataOutputStream.java:106)
	at java.base/sun.nio.cs.StreamEncoder.implClose(StreamEncoder.java:443)
	at java.base/sun.nio.cs.StreamEncoder.lockedClose(StreamEncoder.java:241)
	at java.base/sun.nio.cs.StreamEncoder.close(StreamEncoder.java:226)
	at java.base/java.io.OutputStreamWriter.close(OutputStreamWriter.java:267)
	at com.univocity.parsers.common.AbstractWriter.close(AbstractWriter.java:996)
	... 28 more
Caused by: java.io.IOException: Disk quota exceeded
	at java.base/java.io.FileOutputStream.writeBytes(Native Method)
	at java.base/java.io.FileOutputStream.write(FileOutputStream.java:373)
	at org.apache.hadoop.fs.RawLocalFileSystem$LocalFSFileOutputStream.write(RawLocalFileSystem.java:345)
	... 45 more

Driver stacktrace:
	at org.apache.spark.scheduler.DAGScheduler.failJobAndIndependentStages(DAGScheduler.scala:2844)
	at org.apache.spark.scheduler.DAGScheduler.$anonfun$abortStage$2(DAGScheduler.scala:2780)
	at org.apache.spark.scheduler.DAGScheduler.$anonfun$abortStage$2$adapted(DAGScheduler.scala:2779)
	at scala.collection.mutable.ResizableArray.foreach(ResizableArray.scala:62)
	at scala.collection.mutable.ResizableArray.foreach$(ResizableArray.scala:55)
	at scala.collection.mutable.ArrayBuffer.foreach(ArrayBuffer.scala:49)
	at org.apache.spark.scheduler.DAGScheduler.abortStage(DAGScheduler.scala:2779)
	at org.apache.spark.scheduler.DAGScheduler.$anonfun$handleTaskSetFailed$1(DAGScheduler.scala:1242)
	at org.apache.spark.scheduler.DAGScheduler.$anonfun$handleTaskSetFailed$1$adapted(DAGScheduler.scala:1242)
	at scala.Option.foreach(Option.scala:407)
	at org.apache.spark.scheduler.DAGScheduler.handleTaskSetFailed(DAGScheduler.scala:1242)
	at org.apache.spark.scheduler.DAGSchedulerEventProcessLoop.doOnReceive(DAGScheduler.scala:3048)
	at org.apache.spark.scheduler.DAGSchedulerEventProcessLoop.onReceive(DAGScheduler.scala:2982)
	at org.apache.spark.scheduler.DAGSchedulerEventProcessLoop.onReceive(DAGScheduler.scala:2971)
	at org.apache.spark.util.EventLoop$$anon$1.run(EventLoop.scala:49)
	at org.apache.spark.scheduler.DAGScheduler.runJob(DAGScheduler.scala:984)
	at org.apache.spark.SparkContext.runJob(SparkContext.scala:2398)
	at org.apache.spark.sql.execution.datasources.FileFormatWriter$.$anonfun$executeWrite$4(FileFormatWriter.scala:307)
	at org.apache.spark.sql.execution.datasources.FileFormatWriter$.writeAndCommit(FileFormatWriter.scala:271)
	at org.apache.spark.sql.execution.datasources.FileFormatWriter$.executeWrite(FileFormatWriter.scala:304)
	at org.apache.spark.sql.execution.datasources.FileFormatWriter$.write(FileFormatWriter.scala:190)
	at org.apache.spark.sql.execution.datasources.InsertIntoHadoopFsRelationCommand.run(InsertIntoHadoopFsRelationCommand.scala:190)
	at org.apache.spark.sql.execution.command.DataWritingCommandExec.sideEffectResult$lzycompute(commands.scala:113)
	at org.apache.spark.sql.execution.command.DataWritingCommandExec.sideEffectResult(commands.scala:111)
	at org.apache.spark.sql.execution.command.DataWritingCommandExec.executeCollect(commands.scala:125)
	at org.apache.spark.sql.execution.adaptive.AdaptiveSparkPlanExec.$anonfun$executeCollect$1(AdaptiveSparkPlanExec.scala:374)
	at org.apache.spark.sql.execution.adaptive.AdaptiveSparkPlanExec.withFinalPlanUpdate(AdaptiveSparkPlanExec.scala:402)
	at org.apache.spark.sql.execution.adaptive.AdaptiveSparkPlanExec.executeCollect(AdaptiveSparkPlanExec.scala:374)
	at org.apache.spark.sql.execution.QueryExecution$$anonfun$eagerlyExecuteCommands$1.$anonfun$applyOrElse$1(QueryExecution.scala:107)
	at org.apache.spark.sql.execution.SQLExecution$.$anonfun$withNewExecutionId$6(SQLExecution.scala:125)
	at org.apache.spark.sql.execution.SQLExecution$.withSQLConfPropagated(SQLExecution.scala:201)
	at org.apache.spark.sql.execution.SQLExecution$.$anonfun$withNewExecutionId$1(SQLExecution.scala:108)
	at org.apache.spark.sql.SparkSession.withActive(SparkSession.scala:900)
	at org.apache.spark.sql.execution.SQLExecution$.withNewExecutionId(SQLExecution.scala:66)
	at org.apache.spark.sql.execution.QueryExecution$$anonfun$eagerlyExecuteCommands$1.applyOrElse(QueryExecution.scala:107)
	at org.apache.spark.sql.execution.QueryExecution$$anonfun$eagerlyExecuteCommands$1.applyOrElse(QueryExecution.scala:98)
	at org.apache.spark.sql.catalyst.trees.TreeNode.$anonfun$transformDownWithPruning$1(TreeNode.scala:461)
	at org.apache.spark.sql.catalyst.trees.CurrentOrigin$.withOrigin(origin.scala:76)
	at org.apache.spark.sql.catalyst.trees.TreeNode.transformDownWithPruning(TreeNode.scala:461)
	at org.apache.spark.sql.catalyst.plans.logical.LogicalPlan.org$apache$spark$sql$catalyst$plans$logical$AnalysisHelper$$super$transformDownWithPruning(LogicalPlan.scala:32)
	at org.apache.spark.sql.catalyst.plans.logical.AnalysisHelper.transformDownWithPruning(AnalysisHelper.scala:267)
	at org.apache.spark.sql.catalyst.plans.logical.AnalysisHelper.transformDownWithPruning$(AnalysisHelper.scala:263)
	at org.apache.spark.sql.catalyst.plans.logical.LogicalPlan.transformDownWithPruning(LogicalPlan.scala:32)
	at org.apache.spark.sql.catalyst.plans.logical.LogicalPlan.transformDownWithPruning(LogicalPlan.scala:32)
	at org.apache.spark.sql.catalyst.trees.TreeNode.transformDown(TreeNode.scala:437)
	at org.apache.spark.sql.execution.QueryExecution.eagerlyExecuteCommands(QueryExecution.scala:98)
	at org.apache.spark.sql.execution.QueryExecution.commandExecuted$lzycompute(QueryExecution.scala:85)
	at org.apache.spark.sql.execution.QueryExecution.commandExecuted(QueryExecution.scala:83)
	at org.apache.spark.sql.execution.QueryExecution.assertCommandExecuted(QueryExecution.scala:142)
	at org.apache.spark.sql.DataFrameWriter.runCommand(DataFrameWriter.scala:859)
	at org.apache.spark.sql.DataFrameWriter.saveToV1Source(DataFrameWriter.scala:388)
	at org.apache.spark.sql.DataFrameWriter.saveInternal(DataFrameWriter.scala:361)
	at org.apache.spark.sql.DataFrameWriter.save(DataFrameWriter.scala:240)
	at org.apache.spark.sql.DataFrameWriter.csv(DataFrameWriter.scala:850)
	at java.base/jdk.internal.reflect.NativeMethodAccessorImpl.invoke0(Native Method)
	at java.base/jdk.internal.reflect.NativeMethodAccessorImpl.invoke(NativeMethodAccessorImpl.java:75)
	at java.base/jdk.internal.reflect.DelegatingMethodAccessorImpl.invoke(DelegatingMethodAccessorImpl.java:52)
	at java.base/java.lang.reflect.Method.invoke(Method.java:578)
	at py4j.reflection.MethodInvoker.invoke(MethodInvoker.java:244)
	at py4j.reflection.ReflectionEngine.invoke(ReflectionEngine.java:374)
	at py4j.Gateway.invoke(Gateway.java:282)
	at py4j.commands.AbstractCommand.invokeMethod(AbstractCommand.java:132)
	at py4j.commands.CallCommand.execute(CallCommand.java:79)
	at py4j.ClientServerConnection.waitForCommands(ClientServerConnection.java:182)
	at py4j.ClientServerConnection.run(ClientServerConnection.java:106)
	at java.base/java.lang.Thread.run(Thread.java:1623)
Caused by: org.apache.spark.SparkException: [TASK_WRITE_FAILED] Task failed while writing rows to file:/home/mcn26/varef/scripts/noon_data/2.filter/filtered_output_chr2.csv.
	at org.apache.spark.sql.errors.QueryExecutionErrors$.taskFailedWhileWritingRowsError(QueryExecutionErrors.scala:774)
	at org.apache.spark.sql.execution.datasources.FileFormatWriter$.executeTask(FileFormatWriter.scala:420)
	at org.apache.spark.sql.execution.datasources.WriteFilesExec.$anonfun$doExecuteWrite$1(WriteFiles.scala:100)
	at org.apache.spark.rdd.RDD.$anonfun$mapPartitionsInternal$2(RDD.scala:890)
	at org.apache.spark.rdd.RDD.$anonfun$mapPartitionsInternal$2$adapted(RDD.scala:890)
	at org.apache.spark.rdd.MapPartitionsRDD.compute(MapPartitionsRDD.scala:52)
	at org.apache.spark.rdd.RDD.computeOrReadCheckpoint(RDD.scala:364)
	at org.apache.spark.rdd.RDD.iterator(RDD.scala:328)
	at org.apache.spark.scheduler.ResultTask.runTask(ResultTask.scala:93)
	at org.apache.spark.TaskContext.runTaskWithListeners(TaskContext.scala:161)
	at org.apache.spark.scheduler.Task.run(Task.scala:141)
	at org.apache.spark.executor.Executor$TaskRunner.$anonfun$run$4(Executor.scala:620)
	at org.apache.spark.util.SparkErrorUtils.tryWithSafeFinally(SparkErrorUtils.scala:64)
	at org.apache.spark.util.SparkErrorUtils.tryWithSafeFinally$(SparkErrorUtils.scala:61)
	at org.apache.spark.util.Utils$.tryWithSafeFinally(Utils.scala:94)
	at org.apache.spark.executor.Executor$TaskRunner.run(Executor.scala:623)
	at java.base/java.util.concurrent.ThreadPoolExecutor.runWorker(ThreadPoolExecutor.java:1144)
	at java.base/java.util.concurrent.ThreadPoolExecutor$Worker.run(ThreadPoolExecutor.java:642)
	... 1 more
Caused by: com.univocity.parsers.common.TextWritingException: Error writing row.
Internal state when error was thrown: recordCount=12020, recordData=[chr2, 151569057, rs531914447, C, T, ., PASS, K562__ref=-0.20754825;HepG2__ref=-0.11472494;SKNSH__ref=0.048201807;K562__alt=-0.16833036;HepG2__alt=-0.090507306;SKNSH__alt=0.057089914;K562__skew=0.0392179;HepG2__skew=0.024217643;SKNSH__skew=0.0088881;AN_oth=2090;AN_ami=910;AN_sas=4818;AN_fin=10598;AN_eas=5198;AN_amr=15268;AN_afr=41416;AN_mid=316;AN_asj=3472;AN_nfe=68010;cadd_raw_score=-0.376536;cadd_phred=0.215;splice_ai_max_ds=0;splice_ai_consequence=no_consequence;vep=T|intron_variant|MODIFIER|NEB|ENSG00000183091|Transcript|ENST00000172853|protein_coding||82/148|ENST00000172853.14:c.12432+211G>A|||||||1||-1|SNV||HGNC|HGNC:7720||1|||ENSP00000172853||||1||||||||||||,T|intron_variant|MODIFIER|NEB|ENSG00000183091|Transcript|ENST00000397345|protein_coding||110/181|ENST00000397345.7:c.17535+211G>A|||||||1||-1|SNV||HGNC|HGNC:7720||5|P5|CCDS54407.1|ENSP00000380505||||1||||||||||||,T|intron_variant|MODIFIER|NEB|ENSG00000183091|Transcript|ENST00000409198|protein_coding||83/149|ENST00000409198.5:c.12432+211G>A|||||||1||-1|SNV||HGNC|HGNC:7720||5||CCDS46424.1|ENSP00000386259||||1||||||||||||,T|intron_variant|MODIFIER|NEB|ENSG00000183091|Transcript|ENST00000413693|protein_coding||10/73|ENST00000413693.5:c.1725+211G>A|||||||1||-1|SNV||HGNC|HGNC:7720||5|||ENSP00000410961||||1||||||||||||,T|intron_variant|MODIFIER|NEB|ENSG00000183091|Transcript|ENST00000427231|protein_coding||110/181|ENST00000427231.6:c.17535+211G>A|||||||1||-1|SNV||HGNC|HGNC:7720||5|A2|CCDS54408.1|ENSP00000416578||||1||||||||||||,T|intron_variant|MODIFIER|NEB|ENSG00000183091|Transcript|ENST00000603639|protein_coding||108/179|ENST00000603639.5:c.17535+211G>A|||||||1||-1|SNV||HGNC|HGNC:7720||5|A2|CCDS54407.1|ENSP00000473894||||1||||||||||||,T|intron_variant|MODIFIER|NEB|ENSG00000183091|Transcript|ENST00000604864|protein_coding||108/179|ENST00000604864.5:c.17535+211G>A|||||||1||-1|SNV||HGNC|HGNC:7720||5|A2|CCDS54408.1|ENSP00000474498||||1||||||||||||,T|intron_variant|MODIFIER|NEB|ENSG00000183091|Transcript|ENST00000618972|protein_coding||110/182|ENST00000618972.4:c.17535+211G>A|||||||1||-1|SNV||HGNC|HGNC:7720|YES|5|A2|CCDS74588.1|ENSP00000484342||||1||||||||||||,T|intron_variant|MODIFIER|NEB|4703|Transcript|NM_001164507.1|protein_coding||110/181|NM_001164507.1:c.17535+211G>A|||||||1||-1|SNV||EntrezGene|HGNC:7720|||||NP_001157979.1||||||||||||||||,T|intron_variant|MODIFIER|NEB|4703|Transcript|NM_001164508.1|protein_coding||110/181|NM_001164508.1:c.17535+211G>A|||||||1||-1|SNV||EntrezGene|HGNC:7720|||||NP_001157980.1||||||||||||||||,T|intron_variant|MODIFIER|NEB|4703|Transcript|NM_001271208.2|protein_coding||110/182|NM_001271208.2:c.17535+211G>A|||||||1||-1|SNV||EntrezGene|HGNC:7720|||||NP_001258137.2||||||||||||||||,T|intron_variant|MODIFIER|NEB|4703|Transcript|NM_004543.5|protein_coding||83/149|NM_004543.5:c.12432+211G>A|||||||1||-1|SNV||EntrezGene|HGNC:7720|||||NP_004534.3||||||||||||||||,T|intron_variant|MODIFIER|NEB|4703|Transcript|XM_005246590.2|protein_coding||110/180|XM_005246590.2:c.17535+211G>A|||||||1||-1|SNV||EntrezGene|HGNC:7720|||||XP_005246647.1||||||||||||||||,T|intron_variant|MODIFIER|NEB|4703|Transcript|XM_005246591.2|protein_coding||110/180|XM_005246591.2:c.17535+211G>A|||||||1||-1|SNV||EntrezGene|HGNC:7720|||||XP_005246648.1||||||||||||||||,T|intron_variant|MODIFIER|NEB|4703|Transcript|XM_005246592.2|protein_coding||110/180|XM_005246592.2:c.17535+211G>A|||||||1||-1|SNV||EntrezGene|HGNC:7720|||||XP_005246649.1||||||||||||||||,T|intron_variant|MODIFIER|NEB|4703|Transcript|XM_005246593.2|protein_coding||110/180|XM_005246593.2:c.17535+211G>A|||||||1||-1|SNV||EntrezGene|HGNC:7720|||||XP_005246650.1||||||||||||||||,T|intron_variant|MODIFIER|NEB|4703|Transcript|XM_005246594.2|protein_coding||110/180|XM_005246594.2:c.17535+211G>A|||||||1||-1|SNV||EntrezGene|HGNC:7720|||||XP_005246651.1||||||||||||||||,T|intron_variant|MODIFIER|NEB|4703|Transcript|XM_005246596.2|protein_coding||110/179|XM_005246596.2:c.17535+211G>A|||||||1||-1|SNV||EntrezGene|HGNC:7720|||||XP_005246653.1||||||||||||||||,T|intron_variant|MODIFIER|NEB|4703|Transcript|XM_005246597.2|protein_coding||110/179|XM_005246597.2:c.17535+211G>A|||||||1||-1|SNV||EntrezGene|HGNC:7720|||||XP_005246654.1||||||||||||||||,T|intron_variant|MODIFIER|NEB|4703|Transcript|XM_005246598.2|protein_coding||110/179|XM_005246598.2:c.17535+211G>A|||||||1||-1|SNV||EntrezGene|HGNC:7720|||||XP_005246655.1||||||||||||||||,T|intron_variant|MODIFIER|NEB|4703|Transcript|XM_005246599.2|protein_coding||110/178|XM_005246599.2:c.17535+211G>A|||||||1||-1|SNV||EntrezGene|HGNC:7720|||||XP_005246656.1||||||||||||||||,T|intron_variant|MODIFIER|NEB|4703|Transcript|XM_005246601.2|protein_coding||110/177|XM_005246601.2:c.17535+211G>A|||||||1||-1|SNV||EntrezGene|HGNC:7720|||||XP_005246658.1||||||||||||||||,T|intron_variant|MODIFIER|NEB|4703|Transcript|XM_005246602.2|protein_coding||110/177|XM_005246602.2:c.17535+211G>A|||||||1||-1|SNV||EntrezGene|HGNC:7720|||||XP_005246659.1||||||||||||||||,T|intron_variant|MODIFIER|NEB|4703|Transcript|XM_005246603.2|protein_coding||110/176|XM_005246603.2:c.17535+211G>A|||||||1||-1|SNV||EntrezGene|HGNC:7720|||||XP_005246660.1||||||||||||||||,T|intron_variant|MODIFIER|NEB|4703|Transcript|XM_005246604.2|protein_coding||110/176|XM_005246604.2:c.17535+211G>A|||||||1||-1|SNV||EntrezGene|HGNC:7720|||||XP_005246661.1||||||||||||||||,T|intron_variant|MODIFIER|NEB|4703|Transcript|XM_005246606.2|protein_coding||110/176|XM_005246606.2:c.17535+211G>A|||||||1||-1|SNV||EntrezGene|HGNC:7720|||||XP_005246663.1||||||||||||||||,T|intron_variant|MODIFIER|NEB|4703|Transcript|XM_005246608.2|protein_coding||110/175|XM_005246608.2:c.17535+211G>A|||||||1||-1|SNV||EntrezGene|HGNC:7720|||||XP_005246665.1||||||||||||||||,T|intron_variant|MODIFIER|NEB|4703|Transcript|XM_005246610.2|protein_coding||110/174|XM_005246610.2:c.17535+211G>A|||||||1||-1|SNV||EntrezGene|HGNC:7720|||||XP_005246667.1||||||||||||||||,T|intron_variant|MODIFIER|NEB|4703|Transcript|XM_005246611.2|protein_coding||110/174|XM_005246611.2:c.17535+211G>A|||||||1||-1|SNV||EntrezGene|HGNC:7720|||||XP_005246668.1||||||||||||||||,T|intron_variant|MODIFIER|NEB|4703|Transcript|XM_005246612.2|protein_coding||106/177|XM_005246612.2:c.16806+211G>A|||||||1||-1|SNV||EntrezGene|HGNC:7720|||||XP_005246669.1||||||||||||||||,T|intron_variant|MODIFIER|NEB|4703|Transcript|XM_005246613.2|protein_coding||107/178|XM_005246613.2:c.16806+211G>A|||||||1||-1|SNV||EntrezGene|HGNC:7720|||||XP_005246670.1||||||||||||||||,T|intron_variant|MODIFIER|NEB|4703|Transcript|XM_005246615.2|protein_coding||110/173|XM_005246615.2:c.17535+211G>A|||||||1||-1|SNV||EntrezGene|HGNC:7720|||||XP_005246672.1||||||||||||||||,T|intron_variant|MODIFIER|NEB|4703|Transcript|XM_005246616.1|protein_coding||110/167|XM_005246616.1:c.17535+211G>A|||||||1||-1|SNV||EntrezGene|HGNC:7720|||||XP_005246673.1||||||||||||||||,T|intron_variant|MODIFIER|NEB|4703|Transcript|XM_005246617.2|protein_coding||94/165|XM_005246617.2:c.14619+211G>A|||||||1||-1|SNV||EntrezGene|HGNC:7720|||||XP_005246674.1||||||||||||||||,T|intron_variant|MODIFIER|NEB|4703|Transcript|XM_006712541.2|protein_coding||110/176|XM_006712541.2:c.17535+211G>A|||||||1||-1|SNV||EntrezGene|HGNC:7720|||||XP_006712604.1||||||||||||||||,T|intron_variant|MODIFIER|NEB|4703|Transcript|XM_006712542.2|protein_coding||110/176|XM_006712542.2:c.17535+211G>A|||||||1||-1|SNV||EntrezGene|HGNC:7720|||||XP_006712605.1||||||||||||||||,T|intron_variant|MODIFIER|NEB|4703|Transcript|XM_011511225.2|protein_coding||110/173|XM_011511225.2:c.17535+211G>A|||||||1||-1|SNV||EntrezGene|HGNC:7720|||||XP_011509527.1||||||||||||||||,T|intron_variant|MODIFIER|NEB|4703|Transcript|XM_011511226.2|protein_coding||99/170|XM_011511226.2:c.15348+211G>A|||||||1||-1|SNV||EntrezGene|HGNC:7720|||||XP_011509528.1||||||||||||||||,T|intron_variant|MODIFIER|NEB|4703|Transcript|XM_011511227.2|protein_coding||86/157|XM_011511227.2:c.13161+211G>A|||||||1||-1|SNV||EntrezGene|HGNC:7720|YES||||XP_011509529.1||||||||||||||||,T|intron_variant|MODIFIER|NEB|4703|Transcript|XM_017004177.1|protein_coding||110/180|XM_017004177.1:c.17535+211G>A|||||||1||-1|SNV||EntrezGene|HGNC:7720|||||XP_016859666.1||||||||||||||||,T|intron_variant|MODIFIER|NEB|4703|Transcript|XM_017004178.1|protein_coding||110/179|XM_017004178.1:c.17535+211G>A|||||||1||-1|SNV||EntrezGene|HGNC:7720|||||XP_016859667.1||||||||||||||||,T|intron_variant|MODIFIER|NEB|4703|Transcript|XM_017004179.1|protein_coding||110/176|XM_017004179.1:c.17535+211G>A|||||||1||-1|SNV||EntrezGene|HGNC:7720|||||XP_016859668.1||||||||||||||||,T|intron_variant|MODIFIER|NEB|4703|Transcript|XM_017004180.1|protein_coding||110/176|XM_017004180.1:c.17535+211G>A|||||||1||-1|SNV||EntrezGene|HGNC:7720|||||XP_016859669.1||||||||||||||||,T|intron_variant|MODIFIER|NEB|4703|Transcript|XM_017004181.1|protein_coding||110/175|XM_017004181.1:c.17535+211G>A|||||||1||-1|SNV||EntrezGene|HGNC:7720|||||XP_016859670.1||||||||||||||||,T|intron_variant|MODIFIER|NEB|4703|Transcript|XM_017004182.1|protein_coding||110/174|XM_017004182.1:c.17535+211G>A|||||||1||-1|SNV||EntrezGene|HGNC:7720|||||XP_016859671.1||||||||||||||||,T|intron_variant|MODIFIER|NEB|4703|Transcript|XM_017004183.1|protein_coding||110/173|XM_017004183.1:c.17535+211G>A|||||||1||-1|SNV||EntrezGene|HGNC:7720|||||XP_016859672.1||||||||||||||||,T|intron_variant|MODIFIER|NEB|4703|Transcript|XM_017004184.1|protein_coding||110/173|XM_017004184.1:c.17535+211G>A|||||||1||-1|SNV||EntrezGene|HGNC:7720|||||XP_016859673.1||||||||||||||||,T|intron_variant|MODIFIER|NEB|4703|Transcript|XM_017004185.1|protein_coding||110/170|XM_017004185.1:c.17535+211G>A|||||||1||-1|SNV||EntrezGene|HGNC:7720|||||XP_016859674.1||||||||||||||||;AC=5;AN=152096;AF=3.2874e-05;AC_oth=0;AF_oth=0;AC_ami=0;AF_ami=0;AC_sas=0;AF_sas=0;AC_fin=0;AF_fin=0;AC_eas=0;AF_eas=0;AC_amr=0;AF_amr=0;AC_afr=0;AF_afr=0;AC_mid=0;AF_mid=0;AC_asj=0;AF_asj=0;AC_nfe=5;AF_nfe=7.35186e-05;AC_popmax=5;AN_popmax=68010;AF_popmax=7.35186e-05, -0.20754825, -0.11472494, 0.048201807, -0.16833036, -0.090507306, 0.057089914, 0.0392179, 0.024217643, 0.0088881, 5, 152096, 3.2874E-5, 0.215, true, false, false, false, false, false, false, false, 1.138, -0.09135713179906209, 0.024107880890369415, 3.2874E-5, ULTRARARE]
	at com.univocity.parsers.common.AbstractWriter.throwExceptionAndClose(AbstractWriter.java:1055)
	at com.univocity.parsers.common.AbstractWriter.writeRow(AbstractWriter.java:834)
	at org.apache.spark.sql.catalyst.csv.UnivocityGenerator.write(UnivocityGenerator.scala:117)
	at org.apache.spark.sql.execution.datasources.csv.CsvOutputWriter.write(CsvOutputWriter.scala:46)
	at org.apache.spark.sql.execution.datasources.SingleDirectoryDataWriter.write(FileFormatDataWriter.scala:175)
	at org.apache.spark.sql.execution.datasources.FileFormatDataWriter.writeWithMetrics(FileFormatDataWriter.scala:85)
	at org.apache.spark.sql.execution.datasources.FileFormatDataWriter.writeWithIterator(FileFormatDataWriter.scala:92)
	at org.apache.spark.sql.execution.datasources.FileFormatWriter$.$anonfun$executeTask$1(FileFormatWriter.scala:403)
	at org.apache.spark.util.Utils$.tryWithSafeFinallyAndFailureCallbacks(Utils.scala:1397)
	at org.apache.spark.sql.execution.datasources.FileFormatWriter$.executeTask(FileFormatWriter.scala:410)
	... 17 more
Caused by: java.lang.IllegalStateException: Error closing the output.
	at com.univocity.parsers.common.AbstractWriter.close(AbstractWriter.java:1000)
	at com.univocity.parsers.common.AbstractWriter.throwExceptionAndClose(AbstractWriter.java:1042)
	at com.univocity.parsers.common.AbstractWriter.internalWriteRow(AbstractWriter.java:949)
	at com.univocity.parsers.common.AbstractWriter.writeRow(AbstractWriter.java:832)
	... 25 more
Caused by: org.apache.hadoop.fs.FSError: java.io.IOException: Disk quota exceeded
	at org.apache.hadoop.fs.RawLocalFileSystem$LocalFSFileOutputStream.write(RawLocalFileSystem.java:349)
	at java.base/java.io.BufferedOutputStream.flushBuffer(BufferedOutputStream.java:125)
	at java.base/java.io.BufferedOutputStream.implWrite(BufferedOutputStream.java:222)
	at java.base/java.io.BufferedOutputStream.write(BufferedOutputStream.java:206)
	at org.apache.hadoop.fs.FSDataOutputStream$PositionCache.write(FSDataOutputStream.java:62)
	at java.base/java.io.DataOutputStream.write(DataOutputStream.java:113)
	at org.apache.hadoop.fs.ChecksumFileSystem$ChecksumFSOutputSummer.writeChunk(ChecksumFileSystem.java:459)
	at org.apache.hadoop.fs.FSOutputSummer.writeChecksumChunks(FSOutputSummer.java:218)
	at org.apache.hadoop.fs.FSOutputSummer.flushBuffer(FSOutputSummer.java:165)
	at org.apache.hadoop.fs.FSOutputSummer.flushBuffer(FSOutputSummer.java:146)
	at org.apache.hadoop.fs.ChecksumFileSystem$ChecksumFSOutputSummer.close(ChecksumFileSystem.java:447)
	at org.apache.hadoop.fs.FSDataOutputStream$PositionCache.close(FSDataOutputStream.java:77)
	at org.apache.hadoop.fs.FSDataOutputStream.close(FSDataOutputStream.java:106)
	at java.base/sun.nio.cs.StreamEncoder.implClose(StreamEncoder.java:443)
	at java.base/sun.nio.cs.StreamEncoder.lockedClose(StreamEncoder.java:241)
	at java.base/sun.nio.cs.StreamEncoder.close(StreamEncoder.java:226)
	at java.base/java.io.OutputStreamWriter.close(OutputStreamWriter.java:267)
	at com.univocity.parsers.common.AbstractWriter.close(AbstractWriter.java:996)
	... 28 more
Caused by: java.io.IOException: Disk quota exceeded
	at java.base/java.io.FileOutputStream.writeBytes(Native Method)
	at java.base/java.io.FileOutputStream.write(FileOutputStream.java:373)
	at org.apache.hadoop.fs.RawLocalFileSystem$LocalFSFileOutputStream.write(RawLocalFileSystem.java:345)
	... 45 more

